1716570503.016617 client started (36110): version 3.4, socket /private/tmp/tmux-501/default, protocol 8
1716570503.016756 on Darwin 23.2.0 Darwin Kernel Version 23.2.0: Wed Nov 15 21:53:18 PST 2023; root:xnu-10002.61.3~2/RELEASE_ARM64_T6000
1716570503.016774 using libevent 2.1.12-stable select
1716570503.017938 using utf8proc 2.9.0
1716570503.017964 using ncurses 6.5 20240427
1716570503.018009 flags are 0x10010000
1716570503.018023 socket is /private/tmp/tmux-501/default
1716570503.018049 trying connect
1716570503.018130 add peer 0x110008000: 6 (0x0)
1716570503.021822 sending message 100 to peer 0x110008000 (4 bytes)
1716570503.021838 sending message 111 to peer 0x110008000 (8 bytes)
1716570503.021845 sending message 101 to peer 0x110008000 (15 bytes)
1716570503.021852 sending message 109 to peer 0x110008000 (4 bytes)
1716570503.021858 sending message 102 to peer 0x110008000 (13 bytes)
1716570503.021864 sending message 108 to peer 0x110008000 (29 bytes)
1716570503.021870 sending message 112 to peer 0x110008000 (58 bytes)
1716570503.021876 sending message 112 to peer 0x110008000 (5 bytes)
1716570503.021881 sending message 112 to peer 0x110008000 (5 bytes)
1716570503.021887 sending message 112 to peer 0x110008000 (6 bytes)
1716570503.021893 sending message 112 to peer 0x110008000 (6 bytes)
1716570503.021898 sending message 112 to peer 0x110008000 (11 bytes)
1716570503.021904 sending message 112 to peer 0x110008000 (10 bytes)
1716570503.021909 sending message 112 to peer 0x110008000 (13 bytes)
1716570503.021915 sending message 112 to peer 0x110008000 (14 bytes)
1716570503.021920 sending message 112 to peer 0x110008000 (19 bytes)
1716570503.021926 sending message 112 to peer 0x110008000 (11 bytes)
1716570503.021931 sending message 112 to peer 0x110008000 (10 bytes)
1716570503.021937 sending message 112 to peer 0x110008000 (15 bytes)
1716570503.021942 sending message 112 to peer 0x110008000 (21 bytes)
1716570503.021948 sending message 112 to peer 0x110008000 (13 bytes)
1716570503.021953 sending message 112 to peer 0x110008000 (7 bytes)
1716570503.021959 sending message 112 to peer 0x110008000 (13 bytes)
1716570503.021964 sending message 112 to peer 0x110008000 (7 bytes)
1716570503.021969 sending message 112 to peer 0x110008000 (13 bytes)
1716570503.021975 sending message 112 to peer 0x110008000 (9 bytes)
1716570503.021980 sending message 112 to peer 0x110008000 (21 bytes)
1716570503.021986 sending message 112 to peer 0x110008000 (13 bytes)
1716570503.021991 sending message 112 to peer 0x110008000 (9 bytes)
1716570503.021997 sending message 112 to peer 0x110008000 (16 bytes)
1716570503.022002 sending message 112 to peer 0x110008000 (13 bytes)
1716570503.022007 sending message 112 to peer 0x110008000 (9 bytes)
1716570503.022013 sending message 112 to peer 0x110008000 (9 bytes)
1716570503.022018 sending message 112 to peer 0x110008000 (12 bytes)
1716570503.022024 sending message 112 to peer 0x110008000 (8 bytes)
1716570503.022029 sending message 112 to peer 0x110008000 (8 bytes)
1716570503.022034 sending message 112 to peer 0x110008000 (13 bytes)
1716570503.022040 sending message 112 to peer 0x110008000 (7 bytes)
1716570503.022045 sending message 112 to peer 0x110008000 (7 bytes)
1716570503.022051 sending message 112 to peer 0x110008000 (9 bytes)
1716570503.022056 sending message 112 to peer 0x110008000 (9 bytes)
1716570503.022062 sending message 112 to peer 0x110008000 (15 bytes)
1716570503.022067 sending message 112 to peer 0x110008000 (13 bytes)
1716570503.022073 sending message 112 to peer 0x110008000 (12 bytes)
1716570503.022078 sending message 112 to peer 0x110008000 (8 bytes)
1716570503.022083 sending message 112 to peer 0x110008000 (14 bytes)
1716570503.022089 sending message 112 to peer 0x110008000 (11 bytes)
1716570503.022094 sending message 112 to peer 0x110008000 (9 bytes)
1716570503.022100 sending message 112 to peer 0x110008000 (10 bytes)
1716570503.022105 sending message 112 to peer 0x110008000 (10 bytes)
1716570503.022110 sending message 112 to peer 0x110008000 (10 bytes)
1716570503.022116 sending message 112 to peer 0x110008000 (10 bytes)
1716570503.022136 sending message 112 to peer 0x110008000 (11 bytes)
1716570503.022140 sending message 112 to peer 0x110008000 (12 bytes)
1716570503.022143 sending message 112 to peer 0x110008000 (12 bytes)
1716570503.022147 sending message 112 to peer 0x110008000 (12 bytes)
1716570503.022151 sending message 112 to peer 0x110008000 (12 bytes)
1716570503.022154 sending message 112 to peer 0x110008000 (12 bytes)
1716570503.022158 sending message 112 to peer 0x110008000 (11 bytes)
1716570503.022161 sending message 112 to peer 0x110008000 (11 bytes)
1716570503.022165 sending message 112 to peer 0x110008000 (12 bytes)
1716570503.022169 sending message 112 to peer 0x110008000 (12 bytes)
1716570503.022172 sending message 112 to peer 0x110008000 (12 bytes)
1716570503.022176 sending message 112 to peer 0x110008000 (12 bytes)
1716570503.022179 sending message 112 to peer 0x110008000 (12 bytes)
1716570503.022183 sending message 112 to peer 0x110008000 (9 bytes)
1716570503.022187 sending message 112 to peer 0x110008000 (12 bytes)
1716570503.022190 sending message 112 to peer 0x110008000 (13 bytes)
1716570503.022194 sending message 112 to peer 0x110008000 (13 bytes)
1716570503.022197 sending message 112 to peer 0x110008000 (13 bytes)
1716570503.022201 sending message 112 to peer 0x110008000 (13 bytes)
1716570503.022204 sending message 112 to peer 0x110008000 (13 bytes)
1716570503.022208 sending message 112 to peer 0x110008000 (8 bytes)
1716570503.022212 sending message 112 to peer 0x110008000 (11 bytes)
1716570503.022215 sending message 112 to peer 0x110008000 (11 bytes)
1716570503.022219 sending message 112 to peer 0x110008000 (11 bytes)
1716570503.022222 sending message 112 to peer 0x110008000 (12 bytes)
1716570503.022226 sending message 112 to peer 0x110008000 (12 bytes)
1716570503.022230 sending message 112 to peer 0x110008000 (12 bytes)
1716570503.022233 sending message 112 to peer 0x110008000 (12 bytes)
1716570503.022237 sending message 112 to peer 0x110008000 (13 bytes)
1716570503.022240 sending message 112 to peer 0x110008000 (13 bytes)
1716570503.022244 sending message 112 to peer 0x110008000 (13 bytes)
1716570503.022248 sending message 112 to peer 0x110008000 (8 bytes)
1716570503.022251 sending message 112 to peer 0x110008000 (13 bytes)
1716570503.022255 sending message 112 to peer 0x110008000 (13 bytes)
1716570503.022258 sending message 112 to peer 0x110008000 (13 bytes)
1716570503.022262 sending message 112 to peer 0x110008000 (13 bytes)
1716570503.022266 sending message 112 to peer 0x110008000 (13 bytes)
1716570503.022269 sending message 112 to peer 0x110008000 (12 bytes)
1716570503.022273 sending message 112 to peer 0x110008000 (12 bytes)
1716570503.022276 sending message 112 to peer 0x110008000 (12 bytes)
1716570503.022280 sending message 112 to peer 0x110008000 (12 bytes)
1716570503.022284 sending message 112 to peer 0x110008000 (13 bytes)
1716570503.022287 sending message 112 to peer 0x110008000 (8 bytes)
1716570503.022291 sending message 112 to peer 0x110008000 (13 bytes)
1716570503.022294 sending message 112 to peer 0x110008000 (13 bytes)
1716570503.022298 sending message 112 to peer 0x110008000 (13 bytes)
1716570503.022301 sending message 112 to peer 0x110008000 (13 bytes)
1716570503.022305 sending message 112 to peer 0x110008000 (13 bytes)
1716570503.022309 sending message 112 to peer 0x110008000 (13 bytes)
1716570503.022312 sending message 112 to peer 0x110008000 (13 bytes)
1716570503.022316 sending message 112 to peer 0x110008000 (12 bytes)
1716570503.022319 sending message 112 to peer 0x110008000 (12 bytes)
1716570503.022323 sending message 112 to peer 0x110008000 (12 bytes)
1716570503.022326 sending message 112 to peer 0x110008000 (8 bytes)
1716570503.022330 sending message 112 to peer 0x110008000 (12 bytes)
1716570503.022334 sending message 112 to peer 0x110008000 (13 bytes)
1716570503.022337 sending message 112 to peer 0x110008000 (13 bytes)
1716570503.022341 sending message 112 to peer 0x110008000 (13 bytes)
1716570503.022344 sending message 112 to peer 0x110008000 (13 bytes)
1716570503.022348 sending message 112 to peer 0x110008000 (13 bytes)
1716570503.022360 sending message 112 to peer 0x110008000 (13 bytes)
1716570503.022363 sending message 112 to peer 0x110008000 (13 bytes)
1716570503.022367 sending message 112 to peer 0x110008000 (13 bytes)
1716570503.022370 sending message 112 to peer 0x110008000 (12 bytes)
1716570503.022374 sending message 112 to peer 0x110008000 (10 bytes)
1716570503.022378 sending message 112 to peer 0x110008000 (12 bytes)
1716570503.022381 sending message 112 to peer 0x110008000 (12 bytes)
1716570503.022385 sending message 112 to peer 0x110008000 (12 bytes)
1716570503.022388 sending message 112 to peer 0x110008000 (13 bytes)
1716570503.022392 sending message 112 to peer 0x110008000 (13 bytes)
1716570503.022395 sending message 112 to peer 0x110008000 (13 bytes)
1716570503.022399 sending message 112 to peer 0x110008000 (13 bytes)
1716570503.022403 sending message 112 to peer 0x110008000 (13 bytes)
1716570503.022406 sending message 112 to peer 0x110008000 (13 bytes)
1716570503.022410 sending message 112 to peer 0x110008000 (13 bytes)
1716570503.022413 sending message 112 to peer 0x110008000 (10 bytes)
1716570503.022417 sending message 112 to peer 0x110008000 (13 bytes)
1716570503.022421 sending message 112 to peer 0x110008000 (12 bytes)
1716570503.022424 sending message 112 to peer 0x110008000 (12 bytes)
1716570503.022428 sending message 112 to peer 0x110008000 (12 bytes)
1716570503.022431 sending message 112 to peer 0x110008000 (10 bytes)
1716570503.022435 sending message 112 to peer 0x110008000 (10 bytes)
1716570503.022439 sending message 112 to peer 0x110008000 (10 bytes)
1716570503.022442 sending message 112 to peer 0x110008000 (12 bytes)
1716570503.022446 sending message 112 to peer 0x110008000 (13 bytes)
1716570503.022449 sending message 112 to peer 0x110008000 (13 bytes)
1716570503.022453 sending message 112 to peer 0x110008000 (13 bytes)
1716570503.022457 sending message 112 to peer 0x110008000 (13 bytes)
1716570503.022460 sending message 112 to peer 0x110008000 (13 bytes)
1716570503.022464 sending message 112 to peer 0x110008000 (10 bytes)
1716570503.022468 sending message 112 to peer 0x110008000 (11 bytes)
1716570503.022471 sending message 112 to peer 0x110008000 (12 bytes)
1716570503.022475 sending message 112 to peer 0x110008000 (12 bytes)
1716570503.022478 sending message 112 to peer 0x110008000 (12 bytes)
1716570503.022482 sending message 112 to peer 0x110008000 (12 bytes)
1716570503.022486 sending message 112 to peer 0x110008000 (12 bytes)
1716570503.022489 sending message 112 to peer 0x110008000 (11 bytes)
1716570503.022493 sending message 112 to peer 0x110008000 (12 bytes)
1716570503.022496 sending message 112 to peer 0x110008000 (12 bytes)
1716570503.022500 sending message 112 to peer 0x110008000 (13 bytes)
1716570503.022504 sending message 112 to peer 0x110008000 (13 bytes)
1716570503.022507 sending message 112 to peer 0x110008000 (13 bytes)
1716570503.022511 sending message 112 to peer 0x110008000 (13 bytes)
1716570503.022514 sending message 112 to peer 0x110008000 (13 bytes)
1716570503.022518 sending message 112 to peer 0x110008000 (10 bytes)
1716570503.022521 sending message 112 to peer 0x110008000 (9 bytes)
1716570503.022525 sending message 112 to peer 0x110008000 (12 bytes)
1716570503.022529 sending message 112 to peer 0x110008000 (13 bytes)
1716570503.022532 sending message 112 to peer 0x110008000 (13 bytes)
1716570503.022536 sending message 112 to peer 0x110008000 (13 bytes)
1716570503.022539 sending message 112 to peer 0x110008000 (13 bytes)
1716570503.022543 sending message 112 to peer 0x110008000 (13 bytes)
1716570503.022547 sending message 112 to peer 0x110008000 (9 bytes)
1716570503.022550 sending message 112 to peer 0x110008000 (12 bytes)
1716570503.022554 sending message 112 to peer 0x110008000 (13 bytes)
1716570503.022557 sending message 112 to peer 0x110008000 (13 bytes)
1716570503.022561 sending message 112 to peer 0x110008000 (13 bytes)
1716570503.022564 sending message 112 to peer 0x110008000 (13 bytes)
1716570503.022568 sending message 112 to peer 0x110008000 (13 bytes)
1716570503.022578 sending message 112 to peer 0x110008000 (11 bytes)
1716570503.022582 sending message 112 to peer 0x110008000 (12 bytes)
1716570503.022585 sending message 112 to peer 0x110008000 (13 bytes)
1716570503.022589 sending message 112 to peer 0x110008000 (13 bytes)
1716570503.022592 sending message 112 to peer 0x110008000 (13 bytes)
1716570503.022596 sending message 112 to peer 0x110008000 (13 bytes)
1716570503.022600 sending message 112 to peer 0x110008000 (13 bytes)
1716570503.022603 sending message 112 to peer 0x110008000 (11 bytes)
1716570503.022607 sending message 112 to peer 0x110008000 (12 bytes)
1716570503.022610 sending message 112 to peer 0x110008000 (12 bytes)
1716570503.022614 sending message 112 to peer 0x110008000 (12 bytes)
1716570503.022617 sending message 112 to peer 0x110008000 (12 bytes)
1716570503.022621 sending message 112 to peer 0x110008000 (12 bytes)
1716570503.022625 sending message 112 to peer 0x110008000 (21 bytes)
1716570503.022628 sending message 112 to peer 0x110008000 (12 bytes)
1716570503.022632 sending message 112 to peer 0x110008000 (9 bytes)
1716570503.022635 sending message 112 to peer 0x110008000 (6 bytes)
1716570503.022639 sending message 112 to peer 0x110008000 (13 bytes)
1716570503.022643 sending message 112 to peer 0x110008000 (10 bytes)
1716570503.022646 sending message 112 to peer 0x110008000 (24 bytes)
1716570503.022650 sending message 112 to peer 0x110008000 (13 bytes)
1716570503.022653 sending message 112 to peer 0x110008000 (9 bytes)
1716570503.022657 sending message 112 to peer 0x110008000 (70 bytes)
1716570503.022661 sending message 112 to peer 0x110008000 (69 bytes)
1716570503.022664 sending message 112 to peer 0x110008000 (73 bytes)
1716570503.022668 sending message 112 to peer 0x110008000 (12 bytes)
1716570503.022671 sending message 112 to peer 0x110008000 (10 bytes)
1716570503.022675 sending message 112 to peer 0x110008000 (10 bytes)
1716570503.022678 sending message 112 to peer 0x110008000 (24 bytes)
1716570503.022682 sending message 112 to peer 0x110008000 (13 bytes)
1716570503.022686 sending message 112 to peer 0x110008000 (10 bytes)
1716570503.022689 sending message 112 to peer 0x110008000 (10 bytes)
1716570503.022693 sending message 112 to peer 0x110008000 (17 bytes)
1716570503.022696 sending message 112 to peer 0x110008000 (10 bytes)
1716570503.022700 sending message 112 to peer 0x110008000 (13 bytes)
1716570503.022704 sending message 112 to peer 0x110008000 (15 bytes)
1716570503.022707 sending message 112 to peer 0x110008000 (5 bytes)
1716570503.022715 sending message 104 to peer 0x110008000 (0 bytes)
1716570503.022719 sending message 110 to peer 0x110008000 (0 bytes)
1716570503.022723 sending message 107 to peer 0x110008000 (4 bytes)
1716570503.022726 sending message 105 to peer 0x110008000 (33 bytes)
1716570503.022730 sending message 105 to peer 0x110008000 (15 bytes)
1716570503.022734 sending message 105 to peer 0x110008000 (20 bytes)
1716570503.022737 sending message 105 to peer 0x110008000 (22 bytes)
1716570503.022741 sending message 105 to peer 0x110008000 (21 bytes)
1716570503.022744 sending message 105 to peer 0x110008000 (37 bytes)
1716570503.022748 sending message 105 to peer 0x110008000 (30 bytes)
1716570503.022752 sending message 105 to peer 0x110008000 (34 bytes)
1716570503.022755 sending message 105 to peer 0x110008000 (35 bytes)
1716570503.022759 sending message 105 to peer 0x110008000 (22 bytes)
1716570503.022762 sending message 105 to peer 0x110008000 (61 bytes)
1716570503.022766 sending message 105 to peer 0x110008000 (17 bytes)
1716570503.022770 sending message 105 to peer 0x110008000 (19 bytes)
1716570503.022773 sending message 105 to peer 0x110008000 (26 bytes)
1716570503.022777 sending message 105 to peer 0x110008000 (8 bytes)
1716570503.022780 sending message 105 to peer 0x110008000 (17 bytes)
1716570503.022784 sending message 105 to peer 0x110008000 (32 bytes)
1716570503.022787 sending message 105 to peer 0x110008000 (96 bytes)
1716570503.022791 sending message 105 to peer 0x110008000 (54 bytes)
1716570503.022804 sending message 105 to peer 0x110008000 (88 bytes)
1716570503.022808 sending message 105 to peer 0x110008000 (56 bytes)
1716570503.022812 sending message 105 to peer 0x110008000 (16 bytes)
1716570503.022815 sending message 105 to peer 0x110008000 (29 bytes)
1716570503.022819 sending message 105 to peer 0x110008000 (65 bytes)
1716570503.022823 sending message 105 to peer 0x110008000 (23 bytes)
1716570503.022826 sending message 105 to peer 0x110008000 (67 bytes)
1716570503.022830 sending message 105 to peer 0x110008000 (10 bytes)
1716570503.022833 sending message 105 to peer 0x110008000 (12 bytes)
1716570503.022837 sending message 105 to peer 0x110008000 (11 bytes)
1716570503.022841 sending message 105 to peer 0x110008000 (858 bytes)
1716570503.022845 sending message 105 to peer 0x110008000 (39 bytes)
1716570503.022852 sending message 105 to peer 0x110008000 (33 bytes)
1716570503.022856 sending message 105 to peer 0x110008000 (24 bytes)
1716570503.022860 sending message 105 to peer 0x110008000 (15 bytes)
1716570503.022863 sending message 105 to peer 0x110008000 (8 bytes)
1716570503.022867 sending message 105 to peer 0x110008000 (66 bytes)
1716570503.022871 sending message 105 to peer 0x110008000 (20 bytes)
1716570503.022874 sending message 105 to peer 0x110008000 (88 bytes)
1716570503.022878 sending message 105 to peer 0x110008000 (42 bytes)
1716570503.022881 sending message 105 to peer 0x110008000 (18 bytes)
1716570503.022885 sending message 105 to peer 0x110008000 (25 bytes)
1716570503.022889 sending message 105 to peer 0x110008000 (60 bytes)
1716570503.022892 sending message 105 to peer 0x110008000 (57 bytes)
1716570503.022896 sending message 105 to peer 0x110008000 (42 bytes)
1716570503.022900 sending message 105 to peer 0x110008000 (13 bytes)
1716570503.022903 sending message 105 to peer 0x110008000 (63 bytes)
1716570503.022907 sending message 105 to peer 0x110008000 (14 bytes)
1716570503.022910 sending message 105 to peer 0x110008000 (14 bytes)
1716570503.022914 sending message 105 to peer 0x110008000 (19 bytes)
1716570503.022918 sending message 105 to peer 0x110008000 (31 bytes)
1716570503.022921 sending message 105 to peer 0x110008000 (22 bytes)
1716570503.022925 sending message 105 to peer 0x110008000 (43 bytes)
1716570503.022929 sending message 105 to peer 0x110008000 (32 bytes)
1716570503.022932 sending message 105 to peer 0x110008000 (25 bytes)
1716570503.022936 sending message 106 to peer 0x110008000 (0 bytes)
1716570503.023014 sending message 200 to peer 0x110008000 (4 bytes)
1716570503.023021 client loop enter
1716570503.023315 peer 0x110008000 message 303
1716570503.023324 open write file 2 -
1716570503.023335 sending message 305 to peer 0x110008000 (8 bytes)
1716570503.023349 write check file 2
1716570503.023370 peer 0x110008000 message 304
1716570503.023374 write 58 to file 2
1716570503.023379 peer 0x110008000 message 203
1716570503.023384 file 2 58 bytes left
1716570503.023398 write check file 2
1716570503.023402 client loop exit
